This file contains any messages produced by compilers while
running configure, to aid debugging if configure makes a mistake.

It was created by GNU nano configure 2.2.6, which was
generated by GNU Autoconf 2.65.  Invocation command line was

  $ ./configure --host=arm-none-linux-gnueabi --prefix=/home/mdrjr/dev/odroid/pl/DEST/

## --------- ##
## Platform. ##
## --------- ##

hostname = Mauro-Note
uname -m = x86_64
uname -r = 3.5.0-18-generic
uname -s = Linux
uname -v = #29-Ubuntu SMP Fri Oct 19 10:26:51 UTC 2012

/usr/bin/uname -p = unknown
/bin/uname -X     = unknown

/bin/arch              = unknown
/usr/bin/arch -k       = unknown
/usr/convex/getsysinfo = unknown
/usr/bin/hostinfo      = unknown
/bin/machine           = unknown
/usr/bin/oslevel       = unknown
/bin/universe          = unknown

PATH: /home/mdrjr/bin
PATH: /usr/local/sbin
PATH: /usr/local/bin
PATH: /usr/sbin
PATH: /usr/bin
PATH: /sbin
PATH: /bin
PATH: /usr/games
PATH: /usr/local/games
PATH: /home/mdrjr/bin/jdk1.6.0_34/bin
PATH: /home/mdrjr/bin/android-sdk-linux/platform-tools
PATH: /home/mdrjr/bin/arm-2012.09/bin/
PATH: /home/mdrjr/bin


## ----------- ##
## Core tests. ##
## ----------- ##

configure:2241: checking build system type
configure:2255: result: x86_64-unknown-linux-gnu
configure:2275: checking host system type
configure:2288: result: arm-none-linux-gnueabi
configure:2308: checking target system type
configure:2321: result: arm-none-linux-gnueabi
configure:2363: checking for a BSD-compatible install
configure:2431: result: /usr/bin/install -c
configure:2442: checking whether build environment is sane
configure:2492: result: yes
configure:2541: checking for arm-none-linux-gnueabi-strip
configure:2568: result: /home/mdrjr/bin/arm-2012.09/bin/arm-none-linux-gnueabi-strip
configure:2633: checking for a thread-safe mkdir -p
configure:2672: result: /bin/mkdir -p
configure:2685: checking for gawk
configure:2701: found /usr/bin/gawk
configure:2712: result: gawk
configure:2723: checking whether make sets $(MAKE)
configure:2745: result: yes
configure:2843: checking for style of include used by make
configure:2871: result: GNU
configure:2901: checking for arm-none-linux-gnueabi-gcc
configure:2928: result: /home/mdrjr/bin/arm-2012.09/bin/arm-none-linux-gnueabi-gcc
configure:3197: checking for C compiler version
configure:3206: /home/mdrjr/bin/arm-2012.09/bin/arm-none-linux-gnueabi-gcc --version >&5
arm-none-linux-gnueabi-gcc (Sourcery CodeBench Lite 2012.09-64) 4.7.2
Copyright (C) 2012 Free Software Foundation, Inc.
This is free software; see the source for copying conditions.  There is NO
warranty; not even for MERCHANTABILITY or FITNESS FOR A PARTICULAR PURPOSE.

configure:3217: $? = 0
configure:3206: /home/mdrjr/bin/arm-2012.09/bin/arm-none-linux-gnueabi-gcc -v >&5
Using built-in specs.
COLLECT_GCC=/home/mdrjr/bin/arm-2012.09/bin/arm-none-linux-gnueabi-gcc
COLLECT_LTO_WRAPPER=/home/mdrjr/bin/arm-2012.09/bin/../libexec/gcc/arm-none-linux-gnueabi/4.7.2/lto-wrapper
Target: arm-none-linux-gnueabi
Configured with: /scratch/jbrown/arm-linux/src/gcc-4.7-2012.09/configure --build=i686-pc-linux-gnu --host=i686-pc-linux-gnu --target=arm-none-linux-gnueabi --enable-threads --disable-libmudflap --disable-libssp --disable-libstdcxx-pch --enable-extra-sgxxlite-multilibs --with-arch=armv5te --with-gnu-as --with-gnu-ld --with-specs='%{save-temps: -fverbose-asm} %{funwind-tables|fno-unwind-tables|mabi=*|ffreestanding|nostdlib:;:-funwind-tables} -D__CS_SOURCERYGXX_MAJ__=2012 -D__CS_SOURCERYGXX_MIN__=9 -D__CS_SOURCERYGXX_REV__=64 %{O2:%{!fno-remove-local-statics: -fremove-local-statics}} %{O*:%{O|O0|O1|O2|Os:;:%{!fno-remove-local-statics: -fremove-local-statics}}}' --enable-languages=c,c++ --enable-shared --enable-lto --enable-symvers=gnu --enable-__cxa_atexit --with-pkgversion='Sourcery CodeBench Lite 2012.09-64' --with-bugurl=https://support.codesourcery.com/GNUToolchain/ --disable-nls --prefix=/opt/codesourcery --with-sysroot=/opt/codesourcery/arm-none-linux-gnueabi/libc --with-build-sysroot=/scratch/jbrown/arm-linux/install/arm-none-linux-gnueabi/libc --with-gmp=/scratch/jbrown/arm-linux/obj/pkg-2012.09-64-arm-none-linux-gnueabi/arm-2012.09-64-arm-none-linux-gnueabi.extras/host-libs-i686-pc-linux-gnu/usr --with-mpfr=/scratch/jbrown/arm-linux/obj/pkg-2012.09-64-arm-none-linux-gnueabi/arm-2012.09-64-arm-none-linux-gnueabi.extras/host-libs-i686-pc-linux-gnu/usr --with-mpc=/scratch/jbrown/arm-linux/obj/pkg-2012.09-64-arm-none-linux-gnueabi/arm-2012.09-64-arm-none-linux-gnueabi.extras/host-libs-i686-pc-linux-gnu/usr --with-ppl=/scratch/jbrown/arm-linux/obj/pkg-2012.09-64-arm-none-linux-gnueabi/arm-2012.09-64-arm-none-linux-gnueabi.extras/host-libs-i686-pc-linux-gnu/usr --with-host-libstdcxx='-static-libgcc -Wl,-Bstatic,-lstdc++,-Bdynamic -lm' --with-cloog=/scratch/jbrown/arm-linux/obj/pkg-2012.09-64-arm-none-linux-gnueabi/arm-2012.09-64-arm-none-linux-gnueabi.extras/host-libs-i686-pc-linux-gnu/usr --with-libelf=/scratch/jbrown/arm-linux/obj/pkg-2012.09-64-arm-none-linux-gnueabi/arm-2012.09-64-arm-none-linux-gnueabi.extras/host-libs-i686-pc-linux-gnu/usr --disable-libgomp --disable-libitm --enable-poison-system-directories --with-build-time-tools=/scratch/jbrown/arm-linux/install/arm-none-linux-gnueabi/bin --with-build-time-tools=/scratch/jbrown/arm-linux/install/arm-none-linux-gnueabi/bin
Thread model: posix
gcc version 4.7.2 (Sourcery CodeBench Lite 2012.09-64) 
configure:3217: $? = 0
configure:3206: /home/mdrjr/bin/arm-2012.09/bin/arm-none-linux-gnueabi-gcc -V >&5
arm-none-linux-gnueabi-gcc: error: unrecognized command line option '-V'
arm-none-linux-gnueabi-gcc: fatal error: no input files
compilation terminated.
configure:3217: $? = 1
configure:3206: /home/mdrjr/bin/arm-2012.09/bin/arm-none-linux-gnueabi-gcc -qversion >&5
arm-none-linux-gnueabi-gcc: error: unrecognized command line option '-qversion'
arm-none-linux-gnueabi-gcc: fatal error: no input files
compilation terminated.
configure:3217: $? = 1
configure:3237: checking whether the C compiler works
configure:3259: /home/mdrjr/bin/arm-2012.09/bin/arm-none-linux-gnueabi-gcc  -I/home/mdrjr/dev/odroid/pl/ncurses-5.9/include  -static -L/home/mdrjr/dev/odroid/pl/ncurses-5.9/lib conftest.c  >&5
configure:3263: $? = 0
configure:3312: result: yes
configure:3315: checking for C compiler default output file name
configure:3317: result: a.out
configure:3323: checking for suffix of executables
configure:3330: /home/mdrjr/bin/arm-2012.09/bin/arm-none-linux-gnueabi-gcc -o conftest  -I/home/mdrjr/dev/odroid/pl/ncurses-5.9/include  -static -L/home/mdrjr/dev/odroid/pl/ncurses-5.9/lib conftest.c  >&5
configure:3334: $? = 0
configure:3356: result: 
configure:3378: checking whether we are cross compiling
configure:3386: /home/mdrjr/bin/arm-2012.09/bin/arm-none-linux-gnueabi-gcc -o conftest  -I/home/mdrjr/dev/odroid/pl/ncurses-5.9/include  -static -L/home/mdrjr/dev/odroid/pl/ncurses-5.9/lib conftest.c  >&5
configure:3390: $? = 0
configure:3397: ./conftest
./configure: line 3399: ./conftest: cannot execute binary file
configure:3401: $? = 126
configure:3416: result: yes
configure:3421: checking for suffix of object files
configure:3443: /home/mdrjr/bin/arm-2012.09/bin/arm-none-linux-gnueabi-gcc -c  -I/home/mdrjr/dev/odroid/pl/ncurses-5.9/include  conftest.c >&5
configure:3447: $? = 0
configure:3468: result: o
configure:3472: checking whether we are using the GNU C compiler
configure:3491: /home/mdrjr/bin/arm-2012.09/bin/arm-none-linux-gnueabi-gcc -c  -I/home/mdrjr/dev/odroid/pl/ncurses-5.9/include  conftest.c >&5
configure:3491: $? = 0
configure:3500: result: yes
configure:3509: checking whether /home/mdrjr/bin/arm-2012.09/bin/arm-none-linux-gnueabi-gcc accepts -g
configure:3529: /home/mdrjr/bin/arm-2012.09/bin/arm-none-linux-gnueabi-gcc -c -g  conftest.c >&5
configure:3529: $? = 0
configure:3570: result: yes
configure:3587: checking for /home/mdrjr/bin/arm-2012.09/bin/arm-none-linux-gnueabi-gcc option to accept ISO C89
configure:3651: /home/mdrjr/bin/arm-2012.09/bin/arm-none-linux-gnueabi-gcc  -c  -I/home/mdrjr/dev/odroid/pl/ncurses-5.9/include  conftest.c >&5
configure:3651: $? = 0
configure:3664: result: none needed
configure:3686: checking dependency style of /home/mdrjr/bin/arm-2012.09/bin/arm-none-linux-gnueabi-gcc
configure:3796: result: gcc3
configure:3817: checking how to run the C preprocessor
configure:3848: /home/mdrjr/bin/arm-2012.09/bin/arm-none-linux-gnueabi-gcc -E  conftest.c
configure:3848: $? = 0
configure:3862: /home/mdrjr/bin/arm-2012.09/bin/arm-none-linux-gnueabi-gcc -E  conftest.c
conftest.c:11:28: fatal error: ac_nonexistent.h: No such file or directory
compilation terminated.
configure:3862: $? = 1
configure: failed program was:
| /* confdefs.h */
| #define PACKAGE_NAME "GNU nano"
| #define PACKAGE_TARNAME "nano"
| #define PACKAGE_VERSION "2.2.6"
| #define PACKAGE_STRING "GNU nano 2.2.6"
| #define PACKAGE_BUGREPORT "nano-devel@gnu.org"
| #define PACKAGE_URL "http://www.gnu.org/software/nano/"
| #define PACKAGE "nano"
| #define VERSION "2.2.6"
| /* end confdefs.h.  */
| #include <ac_nonexistent.h>
configure:3887: result: /home/mdrjr/bin/arm-2012.09/bin/arm-none-linux-gnueabi-gcc -E
configure:3907: /home/mdrjr/bin/arm-2012.09/bin/arm-none-linux-gnueabi-gcc -E  conftest.c
configure:3907: $? = 0
configure:3921: /home/mdrjr/bin/arm-2012.09/bin/arm-none-linux-gnueabi-gcc -E  conftest.c
conftest.c:11:28: fatal error: ac_nonexistent.h: No such file or directory
compilation terminated.
configure:3921: $? = 1
configure: failed program was:
| /* confdefs.h */
| #define PACKAGE_NAME "GNU nano"
| #define PACKAGE_TARNAME "nano"
| #define PACKAGE_VERSION "2.2.6"
| #define PACKAGE_STRING "GNU nano 2.2.6"
| #define PACKAGE_BUGREPORT "nano-devel@gnu.org"
| #define PACKAGE_URL "http://www.gnu.org/software/nano/"
| #define PACKAGE "nano"
| #define VERSION "2.2.6"
| /* end confdefs.h.  */
| #include <ac_nonexistent.h>
configure:3950: checking for grep that handles long lines and -e
configure:4008: result: /bin/grep
configure:4013: checking for egrep
configure:4075: result: /bin/grep -E
configure:4080: checking for ANSI C header files
configure:4100: /home/mdrjr/bin/arm-2012.09/bin/arm-none-linux-gnueabi-gcc -c  -I/home/mdrjr/dev/odroid/pl/ncurses-5.9/include  conftest.c >&5
configure:4100: $? = 0
configure:4184: result: yes
configure:4197: checking for sys/types.h
configure:4197: /home/mdrjr/bin/arm-2012.09/bin/arm-none-linux-gnueabi-gcc -c  -I/home/mdrjr/dev/odroid/pl/ncurses-5.9/include  conftest.c >&5
configure:4197: $? = 0
configure:4197: result: yes
configure:4197: checking for sys/stat.h
configure:4197: /home/mdrjr/bin/arm-2012.09/bin/arm-none-linux-gnueabi-gcc -c  -I/home/mdrjr/dev/odroid/pl/ncurses-5.9/include  conftest.c >&5
configure:4197: $? = 0
configure:4197: result: yes
configure:4197: checking for stdlib.h
configure:4197: /home/mdrjr/bin/arm-2012.09/bin/arm-none-linux-gnueabi-gcc -c  -I/home/mdrjr/dev/odroid/pl/ncurses-5.9/include  conftest.c >&5
configure:4197: $? = 0
configure:4197: result: yes
configure:4197: checking for string.h
configure:4197: /home/mdrjr/bin/arm-2012.09/bin/arm-none-linux-gnueabi-gcc -c  -I/home/mdrjr/dev/odroid/pl/ncurses-5.9/include  conftest.c >&5
configure:4197: $? = 0
configure:4197: result: yes
configure:4197: checking for memory.h
configure:4197: /home/mdrjr/bin/arm-2012.09/bin/arm-none-linux-gnueabi-gcc -c  -I/home/mdrjr/dev/odroid/pl/ncurses-5.9/include  conftest.c >&5
configure:4197: $? = 0
configure:4197: result: yes
configure:4197: checking for strings.h
configure:4197: /home/mdrjr/bin/arm-2012.09/bin/arm-none-linux-gnueabi-gcc -c  -I/home/mdrjr/dev/odroid/pl/ncurses-5.9/include  conftest.c >&5
configure:4197: $? = 0
configure:4197: result: yes
configure:4197: checking for inttypes.h
configure:4197: /home/mdrjr/bin/arm-2012.09/bin/arm-none-linux-gnueabi-gcc -c  -I/home/mdrjr/dev/odroid/pl/ncurses-5.9/include  conftest.c >&5
configure:4197: $? = 0
configure:4197: result: yes
configure:4197: checking for stdint.h
configure:4197: /home/mdrjr/bin/arm-2012.09/bin/arm-none-linux-gnueabi-gcc -c  -I/home/mdrjr/dev/odroid/pl/ncurses-5.9/include  conftest.c >&5
configure:4197: $? = 0
configure:4197: result: yes
configure:4197: checking for unistd.h
configure:4197: /home/mdrjr/bin/arm-2012.09/bin/arm-none-linux-gnueabi-gcc -c  -I/home/mdrjr/dev/odroid/pl/ncurses-5.9/include  conftest.c >&5
configure:4197: $? = 0
configure:4197: result: yes
configure:4211: checking minix/config.h usability
configure:4211: /home/mdrjr/bin/arm-2012.09/bin/arm-none-linux-gnueabi-gcc -c  -I/home/mdrjr/dev/odroid/pl/ncurses-5.9/include  conftest.c >&5
conftest.c:54:26: fatal error: minix/config.h: No such file or directory
compilation terminated.
configure:4211: $? = 1
configure: failed program was:
| /* confdefs.h */
| #define PACKAGE_NAME "GNU nano"
| #define PACKAGE_TARNAME "nano"
| #define PACKAGE_VERSION "2.2.6"
| #define PACKAGE_STRING "GNU nano 2.2.6"
| #define PACKAGE_BUGREPORT "nano-devel@gnu.org"
| #define PACKAGE_URL "http://www.gnu.org/software/nano/"
| #define PACKAGE "nano"
| #define VERSION "2.2.6"
| #define STDC_HEADERS 1
| #define HAVE_SYS_TYPES_H 1
| #define HAVE_SYS_STAT_H 1
| #define HAVE_STDLIB_H 1
| #define HAVE_STRING_H 1
| #define HAVE_MEMORY_H 1
| #define HAVE_STRINGS_H 1
| #define HAVE_INTTYPES_H 1
| #define HAVE_STDINT_H 1
| #define HAVE_UNISTD_H 1
| /* end confdefs.h.  */
| #include <stdio.h>
| #ifdef HAVE_SYS_TYPES_H
| # include <sys/types.h>
| #endif
| #ifdef HAVE_SYS_STAT_H
| # include <sys/stat.h>
| #endif
| #ifdef STDC_HEADERS
| # include <stdlib.h>
| # include <stddef.h>
| #else
| # ifdef HAVE_STDLIB_H
| #  include <stdlib.h>
| # endif
| #endif
| #ifdef HAVE_STRING_H
| # if !defined STDC_HEADERS && defined HAVE_MEMORY_H
| #  include <memory.h>
| # endif
| # include <string.h>
| #endif
| #ifdef HAVE_STRINGS_H
| # include <strings.h>
| #endif
| #ifdef HAVE_INTTYPES_H
| # include <inttypes.h>
| #endif
| #ifdef HAVE_STDINT_H
| # include <stdint.h>
| #endif
| #ifdef HAVE_UNISTD_H
| # include <unistd.h>
| #endif
| #include <minix/config.h>
configure:4211: result: no
configure:4211: checking minix/config.h presence
configure:4211: /home/mdrjr/bin/arm-2012.09/bin/arm-none-linux-gnueabi-gcc -E  conftest.c
conftest.c:21:26: fatal error: minix/config.h: No such file or directory
compilation terminated.
configure:4211: $? = 1
configure: failed program was:
| /* confdefs.h */
| #define PACKAGE_NAME "GNU nano"
| #define PACKAGE_TARNAME "nano"
| #define PACKAGE_VERSION "2.2.6"
| #define PACKAGE_STRING "GNU nano 2.2.6"
| #define PACKAGE_BUGREPORT "nano-devel@gnu.org"
| #define PACKAGE_URL "http://www.gnu.org/software/nano/"
| #define PACKAGE "nano"
| #define VERSION "2.2.6"
| #define STDC_HEADERS 1
| #define HAVE_SYS_TYPES_H 1
| #define HAVE_SYS_STAT_H 1
| #define HAVE_STDLIB_H 1
| #define HAVE_STRING_H 1
| #define HAVE_MEMORY_H 1
| #define HAVE_STRINGS_H 1
| #define HAVE_INTTYPES_H 1
| #define HAVE_STDINT_H 1
| #define HAVE_UNISTD_H 1
| /* end confdefs.h.  */
| #include <minix/config.h>
configure:4211: result: no
configure:4211: checking for minix/config.h
configure:4211: result: no
configure:4232: checking whether it is safe to define __EXTENSIONS__
configure:4250: /home/mdrjr/bin/arm-2012.09/bin/arm-none-linux-gnueabi-gcc -c  -I/home/mdrjr/dev/odroid/pl/ncurses-5.9/include  conftest.c >&5
configure:4250: $? = 0
configure:4257: result: yes
configure:4280: checking for arm-none-linux-gnueabi-gcc
configure:4307: result: /home/mdrjr/bin/arm-2012.09/bin/arm-none-linux-gnueabi-gcc
configure:4576: checking for C compiler version
configure:4585: /home/mdrjr/bin/arm-2012.09/bin/arm-none-linux-gnueabi-gcc --version >&5
arm-none-linux-gnueabi-gcc (Sourcery CodeBench Lite 2012.09-64) 4.7.2
Copyright (C) 2012 Free Software Foundation, Inc.
This is free software; see the source for copying conditions.  There is NO
warranty; not even for MERCHANTABILITY or FITNESS FOR A PARTICULAR PURPOSE.

configure:4596: $? = 0
configure:4585: /home/mdrjr/bin/arm-2012.09/bin/arm-none-linux-gnueabi-gcc -v >&5
Using built-in specs.
COLLECT_GCC=/home/mdrjr/bin/arm-2012.09/bin/arm-none-linux-gnueabi-gcc
COLLECT_LTO_WRAPPER=/home/mdrjr/bin/arm-2012.09/bin/../libexec/gcc/arm-none-linux-gnueabi/4.7.2/lto-wrapper
Target: arm-none-linux-gnueabi
Configured with: /scratch/jbrown/arm-linux/src/gcc-4.7-2012.09/configure --build=i686-pc-linux-gnu --host=i686-pc-linux-gnu --target=arm-none-linux-gnueabi --enable-threads --disable-libmudflap --disable-libssp --disable-libstdcxx-pch --enable-extra-sgxxlite-multilibs --with-arch=armv5te --with-gnu-as --with-gnu-ld --with-specs='%{save-temps: -fverbose-asm} %{funwind-tables|fno-unwind-tables|mabi=*|ffreestanding|nostdlib:;:-funwind-tables} -D__CS_SOURCERYGXX_MAJ__=2012 -D__CS_SOURCERYGXX_MIN__=9 -D__CS_SOURCERYGXX_REV__=64 %{O2:%{!fno-remove-local-statics: -fremove-local-statics}} %{O*:%{O|O0|O1|O2|Os:;:%{!fno-remove-local-statics: -fremove-local-statics}}}' --enable-languages=c,c++ --enable-shared --enable-lto --enable-symvers=gnu --enable-__cxa_atexit --with-pkgversion='Sourcery CodeBench Lite 2012.09-64' --with-bugurl=https://support.codesourcery.com/GNUToolchain/ --disable-nls --prefix=/opt/codesourcery --with-sysroot=/opt/codesourcery/arm-none-linux-gnueabi/libc --with-build-sysroot=/scratch/jbrown/arm-linux/install/arm-none-linux-gnueabi/libc --with-gmp=/scratch/jbrown/arm-linux/obj/pkg-2012.09-64-arm-none-linux-gnueabi/arm-2012.09-64-arm-none-linux-gnueabi.extras/host-libs-i686-pc-linux-gnu/usr --with-mpfr=/scratch/jbrown/arm-linux/obj/pkg-2012.09-64-arm-none-linux-gnueabi/arm-2012.09-64-arm-none-linux-gnueabi.extras/host-libs-i686-pc-linux-gnu/usr --with-mpc=/scratch/jbrown/arm-linux/obj/pkg-2012.09-64-arm-none-linux-gnueabi/arm-2012.09-64-arm-none-linux-gnueabi.extras/host-libs-i686-pc-linux-gnu/usr --with-ppl=/scratch/jbrown/arm-linux/obj/pkg-2012.09-64-arm-none-linux-gnueabi/arm-2012.09-64-arm-none-linux-gnueabi.extras/host-libs-i686-pc-linux-gnu/usr --with-host-libstdcxx='-static-libgcc -Wl,-Bstatic,-lstdc++,-Bdynamic -lm' --with-cloog=/scratch/jbrown/arm-linux/obj/pkg-2012.09-64-arm-none-linux-gnueabi/arm-2012.09-64-arm-none-linux-gnueabi.extras/host-libs-i686-pc-linux-gnu/usr --with-libelf=/scratch/jbrown/arm-linux/obj/pkg-2012.09-64-arm-none-linux-gnueabi/arm-2012.09-64-arm-none-linux-gnueabi.extras/host-libs-i686-pc-linux-gnu/usr --disable-libgomp --disable-libitm --enable-poison-system-directories --with-build-time-tools=/scratch/jbrown/arm-linux/install/arm-none-linux-gnueabi/bin --with-build-time-tools=/scratch/jbrown/arm-linux/install/arm-none-linux-gnueabi/bin
Thread model: posix
gcc version 4.7.2 (Sourcery CodeBench Lite 2012.09-64) 
configure:4596: $? = 0
configure:4585: /home/mdrjr/bin/arm-2012.09/bin/arm-none-linux-gnueabi-gcc -V >&5
arm-none-linux-gnueabi-gcc: error: unrecognized command line option '-V'
arm-none-linux-gnueabi-gcc: fatal error: no input files
compilation terminated.
configure:4596: $? = 1
configure:4585: /home/mdrjr/bin/arm-2012.09/bin/arm-none-linux-gnueabi-gcc -qversion >&5
arm-none-linux-gnueabi-gcc: error: unrecognized command line option '-qversion'
arm-none-linux-gnueabi-gcc: fatal error: no input files
compilation terminated.
configure:4596: $? = 1
configure:4600: checking whether we are using the GNU C compiler
configure:4628: result: yes
configure:4637: checking whether /home/mdrjr/bin/arm-2012.09/bin/arm-none-linux-gnueabi-gcc accepts -g
configure:4698: result: yes
configure:4715: checking for /home/mdrjr/bin/arm-2012.09/bin/arm-none-linux-gnueabi-gcc option to accept ISO C89
configure:4792: result: none needed
configure:4814: checking dependency style of /home/mdrjr/bin/arm-2012.09/bin/arm-none-linux-gnueabi-gcc
configure:4924: result: gcc3
configure:4939: checking whether ln -s works
configure:4943: result: yes
configure:4951: checking for strerror in -lcposix
configure:4976: /home/mdrjr/bin/arm-2012.09/bin/arm-none-linux-gnueabi-gcc -o conftest  -I/home/mdrjr/dev/odroid/pl/ncurses-5.9/include  -static -L/home/mdrjr/dev/odroid/pl/ncurses-5.9/lib conftest.c -lcposix   >&5
/home/mdrjr/bin/arm-2012.09/bin/../lib/gcc/arm-none-linux-gnueabi/4.7.2/../../../../arm-none-linux-gnueabi/bin/ld: cannot find -lcposix
collect2: error: ld returned 1 exit status
configure:4976: $? = 1
configure: failed program was:
| /* confdefs.h */
| #define PACKAGE_NAME "GNU nano"
| #define PACKAGE_TARNAME "nano"
| #define PACKAGE_VERSION "2.2.6"
| #define PACKAGE_STRING "GNU nano 2.2.6"
| #define PACKAGE_BUGREPORT "nano-devel@gnu.org"
| #define PACKAGE_URL "http://www.gnu.org/software/nano/"
| #define PACKAGE "nano"
| #define VERSION "2.2.6"
| #define STDC_HEADERS 1
| #define HAVE_SYS_TYPES_H 1
| #define HAVE_SYS_STAT_H 1
| #define HAVE_STDLIB_H 1
| #define HAVE_STRING_H 1
| #define HAVE_MEMORY_H 1
| #define HAVE_STRINGS_H 1
| #define HAVE_INTTYPES_H 1
| #define HAVE_STDINT_H 1
| #define HAVE_UNISTD_H 1
| #define __EXTENSIONS__ 1
| #define _ALL_SOURCE 1
| #define _GNU_SOURCE 1
| #define _POSIX_PTHREAD_SEMANTICS 1
| #define _TANDEM_SOURCE 1
| /* end confdefs.h.  */
| 
| /* Override any GCC internal prototype to avoid an error.
|    Use char because int might match the return type of a GCC
|    builtin and then its argument prototype would still apply.  */
| #ifdef __cplusplus
| extern "C"
| #endif
| char strerror ();
| int
| main ()
| {
| return strerror ();
|   ;
|   return 0;
| }
configure:4985: result: no
configure:5000: checking for special C compiler options needed for large files
configure:5045: result: no
configure:5051: checking for _FILE_OFFSET_BITS value needed for large files
configure:5076: /home/mdrjr/bin/arm-2012.09/bin/arm-none-linux-gnueabi-gcc -c  -I/home/mdrjr/dev/odroid/pl/ncurses-5.9/include  conftest.c >&5
conftest.c:32:3: warning: left shift count >= width of type [enabled by default]
conftest.c:32:3: warning: left shift count >= width of type [enabled by default]
conftest.c:33:10: warning: left shift count >= width of type [enabled by default]
conftest.c:33:10: warning: left shift count >= width of type [enabled by default]
conftest.c:32:7: error: size of array 'off_t_is_large' is negative
conftest.c:34:9: warning: variably modified 'off_t_is_large' at file scope [enabled by default]
configure:5076: $? = 1
configure: failed program was:
| /* confdefs.h */
| #define PACKAGE_NAME "GNU nano"
| #define PACKAGE_TARNAME "nano"
| #define PACKAGE_VERSION "2.2.6"
| #define PACKAGE_STRING "GNU nano 2.2.6"
| #define PACKAGE_BUGREPORT "nano-devel@gnu.org"
| #define PACKAGE_URL "http://www.gnu.org/software/nano/"
| #define PACKAGE "nano"
| #define VERSION "2.2.6"
| #define STDC_HEADERS 1
| #define HAVE_SYS_TYPES_H 1
| #define HAVE_SYS_STAT_H 1
| #define HAVE_STDLIB_H 1
| #define HAVE_STRING_H 1
| #define HAVE_MEMORY_H 1
| #define HAVE_STRINGS_H 1
| #define HAVE_INTTYPES_H 1
| #define HAVE_STDINT_H 1
| #define HAVE_UNISTD_H 1
| #define __EXTENSIONS__ 1
| #define _ALL_SOURCE 1
| #define _GNU_SOURCE 1
| #define _POSIX_PTHREAD_SEMANTICS 1
| #define _TANDEM_SOURCE 1
| /* end confdefs.h.  */
| #include <sys/types.h>
|  /* Check that off_t can represent 2**63 - 1 correctly.
|     We can't simply define LARGE_OFF_T to be 9223372036854775807,
|     since some C++ compilers masquerading as C compilers
|     incorrectly reject 9223372036854775807.  */
| #define LARGE_OFF_T (((off_t) 1 << 62) - 1 + ((off_t) 1 << 62))
|   int off_t_is_large[(LARGE_OFF_T % 2147483629 == 721
| 		       && LARGE_OFF_T % 2147483647 == 1)
| 		      ? 1 : -1];
| int
| main ()
| {
| 
|   ;
|   return 0;
| }
configure:5100: /home/mdrjr/bin/arm-2012.09/bin/arm-none-linux-gnueabi-gcc -c  -I/home/mdrjr/dev/odroid/pl/ncurses-5.9/include  conftest.c >&5
configure:5100: $? = 0
configure:5108: result: 64
configure:5209: checking for msgfmt
configure:5237: result: /usr/bin/msgfmt
configure:5246: checking for gmsgfmt
configure:5277: result: /usr/bin/msgfmt
configure:5288: checking for xgettext
configure:5316: result: /usr/bin/xgettext
configure:5327: checking for msgmerge
configure:5354: result: /usr/bin/msgmerge
configure:5416: checking for ld used by GCC
configure:5479: result: /home/mdrjr/bin/arm-2012.09/arm-none-linux-gnueabi/bin/ld
configure:5486: checking if the linker (/home/mdrjr/bin/arm-2012.09/arm-none-linux-gnueabi/bin/ld) is GNU ld
GNU ld (Sourcery CodeBench Lite 2012.09-64) 2.23.51.20120829
configure:5498: result: yes
configure:5504: checking for shared library run path origin
configure:5517: result: done
configure:5934: checking whether NLS is requested
configure:5943: result: yes
configure:5960: checking for GNU gettext in libc
configure:5979: /home/mdrjr/bin/arm-2012.09/bin/arm-none-linux-gnueabi-gcc -o conftest  -I/home/mdrjr/dev/odroid/pl/ncurses-5.9/include  -static -L/home/mdrjr/dev/odroid/pl/ncurses-5.9/lib conftest.c  >&5
configure:5979: $? = 0
configure:5987: result: yes
configure:6649: checking for ANSI C header files
configure:6753: result: yes
configure:6764: checking getopt.h usability
configure:6764: /home/mdrjr/bin/arm-2012.09/bin/arm-none-linux-gnueabi-gcc -c  -I/home/mdrjr/dev/odroid/pl/ncurses-5.9/include  conftest.c >&5
configure:6764: $? = 0
configure:6764: result: yes
configure:6764: checking getopt.h presence
configure:6764: /home/mdrjr/bin/arm-2012.09/bin/arm-none-linux-gnueabi-gcc -E  conftest.c
configure:6764: $? = 0
configure:6764: result: yes
configure:6764: checking for getopt.h
configure:6764: result: yes
configure:6764: checking libintl.h usability
configure:6764: /home/mdrjr/bin/arm-2012.09/bin/arm-none-linux-gnueabi-gcc -c  -I/home/mdrjr/dev/odroid/pl/ncurses-5.9/include  conftest.c >&5
configure:6764: $? = 0
configure:6764: result: yes
configure:6764: checking libintl.h presence
configure:6764: /home/mdrjr/bin/arm-2012.09/bin/arm-none-linux-gnueabi-gcc -E  conftest.c
configure:6764: $? = 0
configure:6764: result: yes
configure:6764: checking for libintl.h
configure:6764: result: yes
configure:6764: checking limits.h usability
configure:6764: /home/mdrjr/bin/arm-2012.09/bin/arm-none-linux-gnueabi-gcc -c  -I/home/mdrjr/dev/odroid/pl/ncurses-5.9/include  conftest.c >&5
configure:6764: $? = 0
configure:6764: result: yes
configure:6764: checking limits.h presence
configure:6764: /home/mdrjr/bin/arm-2012.09/bin/arm-none-linux-gnueabi-gcc -E  conftest.c
configure:6764: $? = 0
configure:6764: result: yes
configure:6764: checking for limits.h
configure:6764: result: yes
configure:6764: checking regex.h usability
configure:6764: /home/mdrjr/bin/arm-2012.09/bin/arm-none-linux-gnueabi-gcc -c  -I/home/mdrjr/dev/odroid/pl/ncurses-5.9/include  conftest.c >&5
configure:6764: $? = 0
configure:6764: result: yes
configure:6764: checking regex.h presence
configure:6764: /home/mdrjr/bin/arm-2012.09/bin/arm-none-linux-gnueabi-gcc -E  conftest.c
configure:6764: $? = 0
configure:6764: result: yes
configure:6764: checking for regex.h
configure:6764: result: yes
configure:6764: checking sys/param.h usability
configure:6764: /home/mdrjr/bin/arm-2012.09/bin/arm-none-linux-gnueabi-gcc -c  -I/home/mdrjr/dev/odroid/pl/ncurses-5.9/include  conftest.c >&5
configure:6764: $? = 0
configure:6764: result: yes
configure:6764: checking sys/param.h presence
configure:6764: /home/mdrjr/bin/arm-2012.09/bin/arm-none-linux-gnueabi-gcc -E  conftest.c
configure:6764: $? = 0
configure:6764: result: yes
configure:6764: checking for sys/param.h
configure:6764: result: yes
configure:6764: checking wchar.h usability
configure:6764: /home/mdrjr/bin/arm-2012.09/bin/arm-none-linux-gnueabi-gcc -c  -I/home/mdrjr/dev/odroid/pl/ncurses-5.9/include  conftest.c >&5
configure:6764: $? = 0
configure:6764: result: yes
configure:6764: checking wchar.h presence
configure:6764: /home/mdrjr/bin/arm-2012.09/bin/arm-none-linux-gnueabi-gcc -E  conftest.c
configure:6764: $? = 0
configure:6764: result: yes
configure:6764: checking for wchar.h
configure:6764: result: yes
configure:6764: checking wctype.h usability
configure:6764: /home/mdrjr/bin/arm-2012.09/bin/arm-none-linux-gnueabi-gcc -c  -I/home/mdrjr/dev/odroid/pl/ncurses-5.9/include  conftest.c >&5
configure:6764: $? = 0
configure:6764: result: yes
configure:6764: checking wctype.h presence
configure:6764: /home/mdrjr/bin/arm-2012.09/bin/arm-none-linux-gnueabi-gcc -E  conftest.c
configure:6764: $? = 0
configure:6764: result: yes
configure:6764: checking for wctype.h
configure:6764: result: yes
configure:6764: checking stdarg.h usability
configure:6764: /home/mdrjr/bin/arm-2012.09/bin/arm-none-linux-gnueabi-gcc -c  -I/home/mdrjr/dev/odroid/pl/ncurses-5.9/include  conftest.c >&5
configure:6764: $? = 0
configure:6764: result: yes
configure:6764: checking stdarg.h presence
configure:6764: /home/mdrjr/bin/arm-2012.09/bin/arm-none-linux-gnueabi-gcc -E  conftest.c
configure:6764: $? = 0
configure:6764: result: yes
configure:6764: checking for stdarg.h
configure:6764: result: yes
configure:7013: checking whether to enable UTF-8 support
configure:7026: result: auto
configure:7029: checking whether to use slang
configure:7422: result: no
configure:7490: checking for getdelim
configure:7490: /home/mdrjr/bin/arm-2012.09/bin/arm-none-linux-gnueabi-gcc -o conftest  -I/home/mdrjr/dev/odroid/pl/ncurses-5.9/include  -static -L/home/mdrjr/dev/odroid/pl/ncurses-5.9/lib conftest.c  >&5
configure:7490: $? = 0
configure:7490: result: yes
configure:7490: checking for getline
configure:7490: /home/mdrjr/bin/arm-2012.09/bin/arm-none-linux-gnueabi-gcc -o conftest  -I/home/mdrjr/dev/odroid/pl/ncurses-5.9/include  -static -L/home/mdrjr/dev/odroid/pl/ncurses-5.9/lib conftest.c  >&5
configure:7490: $? = 0
configure:7490: result: yes
configure:7490: checking for isblank
configure:7490: /home/mdrjr/bin/arm-2012.09/bin/arm-none-linux-gnueabi-gcc -o conftest  -I/home/mdrjr/dev/odroid/pl/ncurses-5.9/include  -static -L/home/mdrjr/dev/odroid/pl/ncurses-5.9/lib conftest.c  >&5
conftest.c:71:6: warning: conflicting types for built-in function 'isblank' [enabled by default]
configure:7490: $? = 0
configure:7490: result: yes
configure:7490: checking for strcasecmp
configure:7490: /home/mdrjr/bin/arm-2012.09/bin/arm-none-linux-gnueabi-gcc -o conftest  -I/home/mdrjr/dev/odroid/pl/ncurses-5.9/include  -static -L/home/mdrjr/dev/odroid/pl/ncurses-5.9/lib conftest.c  >&5
conftest.c:72:6: warning: conflicting types for built-in function 'strcasecmp' [enabled by default]
configure:7490: $? = 0
configure:7490: result: yes
configure:7490: checking for strcasestr
configure:7490: /home/mdrjr/bin/arm-2012.09/bin/arm-none-linux-gnueabi-gcc -o conftest  -I/home/mdrjr/dev/odroid/pl/ncurses-5.9/include  -static -L/home/mdrjr/dev/odroid/pl/ncurses-5.9/lib conftest.c  >&5
configure:7490: $? = 0
configure:7490: result: yes
configure:7490: checking for strncasecmp
configure:7490: /home/mdrjr/bin/arm-2012.09/bin/arm-none-linux-gnueabi-gcc -o conftest  -I/home/mdrjr/dev/odroid/pl/ncurses-5.9/include  -static -L/home/mdrjr/dev/odroid/pl/ncurses-5.9/lib conftest.c  >&5
conftest.c:74:6: warning: conflicting types for built-in function 'strncasecmp' [enabled by default]
configure:7490: $? = 0
configure:7490: result: yes
configure:7490: checking for strnlen
configure:7490: /home/mdrjr/bin/arm-2012.09/bin/arm-none-linux-gnueabi-gcc -o conftest  -I/home/mdrjr/dev/odroid/pl/ncurses-5.9/include  -static -L/home/mdrjr/dev/odroid/pl/ncurses-5.9/lib conftest.c  >&5
configure:7490: $? = 0
configure:7490: result: yes
configure:7490: checking for vsnprintf
configure:7490: /home/mdrjr/bin/arm-2012.09/bin/arm-none-linux-gnueabi-gcc -o conftest  -I/home/mdrjr/dev/odroid/pl/ncurses-5.9/include  -static -L/home/mdrjr/dev/odroid/pl/ncurses-5.9/lib conftest.c  >&5
conftest.c:76:6: warning: conflicting types for built-in function 'vsnprintf' [enabled by default]
configure:7490: $? = 0
configure:7490: result: yes
configure:7505: checking for iswalnum
configure:7505: /home/mdrjr/bin/arm-2012.09/bin/arm-none-linux-gnueabi-gcc -o conftest  -I/home/mdrjr/dev/odroid/pl/ncurses-5.9/include  -static -L/home/mdrjr/dev/odroid/pl/ncurses-5.9/lib conftest.c  >&5
conftest.c:77:6: warning: conflicting types for built-in function 'iswalnum' [enabled by default]
configure:7505: $? = 0
configure:7505: result: yes
configure:7505: checking for iswblank
configure:7505: /home/mdrjr/bin/arm-2012.09/bin/arm-none-linux-gnueabi-gcc -o conftest  -I/home/mdrjr/dev/odroid/pl/ncurses-5.9/include  -static -L/home/mdrjr/dev/odroid/pl/ncurses-5.9/lib conftest.c  >&5
conftest.c:78:6: warning: conflicting types for built-in function 'iswblank' [enabled by default]
configure:7505: $? = 0
configure:7505: result: yes
configure:7505: checking for iswpunct
configure:7505: /home/mdrjr/bin/arm-2012.09/bin/arm-none-linux-gnueabi-gcc -o conftest  -I/home/mdrjr/dev/odroid/pl/ncurses-5.9/include  -static -L/home/mdrjr/dev/odroid/pl/ncurses-5.9/lib conftest.c  >&5
conftest.c:79:6: warning: conflicting types for built-in function 'iswpunct' [enabled by default]
configure:7505: $? = 0
configure:7505: result: yes
configure:7505: checking for iswspace
configure:7505: /home/mdrjr/bin/arm-2012.09/bin/arm-none-linux-gnueabi-gcc -o conftest  -I/home/mdrjr/dev/odroid/pl/ncurses-5.9/include  -static -L/home/mdrjr/dev/odroid/pl/ncurses-5.9/lib conftest.c  >&5
conftest.c:80:6: warning: conflicting types for built-in function 'iswspace' [enabled by default]
configure:7505: $? = 0
configure:7505: result: yes
configure:7505: checking for nl_langinfo
configure:7505: /home/mdrjr/bin/arm-2012.09/bin/arm-none-linux-gnueabi-gcc -o conftest  -I/home/mdrjr/dev/odroid/pl/ncurses-5.9/include  -static -L/home/mdrjr/dev/odroid/pl/ncurses-5.9/lib conftest.c  >&5
configure:7505: $? = 0
configure:7505: result: yes
configure:7505: checking for mblen
configure:7505: /home/mdrjr/bin/arm-2012.09/bin/arm-none-linux-gnueabi-gcc -o conftest  -I/home/mdrjr/dev/odroid/pl/ncurses-5.9/include  -static -L/home/mdrjr/dev/odroid/pl/ncurses-5.9/lib conftest.c  >&5
configure:7505: $? = 0
configure:7505: result: yes
configure:7505: checking for mbstowcs
configure:7505: /home/mdrjr/bin/arm-2012.09/bin/arm-none-linux-gnueabi-gcc -o conftest  -I/home/mdrjr/dev/odroid/pl/ncurses-5.9/include  -static -L/home/mdrjr/dev/odroid/pl/ncurses-5.9/lib conftest.c  >&5
configure:7505: $? = 0
configure:7505: result: yes
configure:7505: checking for mbtowc
configure:7505: /home/mdrjr/bin/arm-2012.09/bin/arm-none-linux-gnueabi-gcc -o conftest  -I/home/mdrjr/dev/odroid/pl/ncurses-5.9/include  -static -L/home/mdrjr/dev/odroid/pl/ncurses-5.9/lib conftest.c  >&5
configure:7505: $? = 0
configure:7505: result: yes
configure:7505: checking for wctomb
configure:7505: /home/mdrjr/bin/arm-2012.09/bin/arm-none-linux-gnueabi-gcc -o conftest  -I/home/mdrjr/dev/odroid/pl/ncurses-5.9/include  -static -L/home/mdrjr/dev/odroid/pl/ncurses-5.9/lib conftest.c  >&5
configure:7505: $? = 0
configure:7505: result: yes
configure:7505: checking for wcwidth
configure:7505: /home/mdrjr/bin/arm-2012.09/bin/arm-none-linux-gnueabi-gcc -o conftest  -I/home/mdrjr/dev/odroid/pl/ncurses-5.9/include  -static -L/home/mdrjr/dev/odroid/pl/ncurses-5.9/lib conftest.c  >&5
configure:7505: $? = 0
configure:7505: result: yes
configure:7802: checking return type of signal handlers
configure:7820: /home/mdrjr/bin/arm-2012.09/bin/arm-none-linux-gnueabi-gcc -c  -I/home/mdrjr/dev/odroid/pl/ncurses-5.9/include  conftest.c >&5
conftest.c: In function 'main':
conftest.c:70:1: error: void value not ignored as it ought to be
configure:7820: $? = 1
configure: failed program was:
| /* confdefs.h */
| #define PACKAGE_NAME "GNU nano"
| #define PACKAGE_TARNAME "nano"
| #define PACKAGE_VERSION "2.2.6"
| #define PACKAGE_STRING "GNU nano 2.2.6"
| #define PACKAGE_BUGREPORT "nano-devel@gnu.org"
| #define PACKAGE_URL "http://www.gnu.org/software/nano/"
| #define PACKAGE "nano"
| #define VERSION "2.2.6"
| #define STDC_HEADERS 1
| #define HAVE_SYS_TYPES_H 1
| #define HAVE_SYS_STAT_H 1
| #define HAVE_STDLIB_H 1
| #define HAVE_STRING_H 1
| #define HAVE_MEMORY_H 1
| #define HAVE_STRINGS_H 1
| #define HAVE_INTTYPES_H 1
| #define HAVE_STDINT_H 1
| #define HAVE_UNISTD_H 1
| #define __EXTENSIONS__ 1
| #define _ALL_SOURCE 1
| #define _GNU_SOURCE 1
| #define _POSIX_PTHREAD_SEMANTICS 1
| #define _TANDEM_SOURCE 1
| #define _FILE_OFFSET_BITS 64
| #define ENABLE_NLS 1
| #define HAVE_GETTEXT 1
| #define HAVE_DCGETTEXT 1
| #define PKGDATADIR "/home/mdrjr/dev/odroid/pl/DEST/share/nano"
| #define STDC_HEADERS 1
| #define HAVE_GETOPT_H 1
| #define HAVE_LIBINTL_H 1
| #define HAVE_LIMITS_H 1
| #define HAVE_REGEX_H 1
| #define HAVE_SYS_PARAM_H 1
| #define HAVE_WCHAR_H 1
| #define HAVE_WCTYPE_H 1
| #define HAVE_STDARG_H 1
| #define NDEBUG 1
| #define NANO_EXTRA 1
| #define ENABLE_NANORC 1
| #define ENABLE_COLOR 1
| #define ENABLE_MULTIBUFFER 1
| #define ENABLE_NANORC 1
| #define HAVE_GETDELIM 1
| #define HAVE_GETLINE 1
| #define HAVE_ISBLANK 1
| #define HAVE_STRCASECMP 1
| #define HAVE_STRCASESTR 1
| #define HAVE_STRNCASECMP 1
| #define HAVE_STRNLEN 1
| #define HAVE_VSNPRINTF 1
| #define HAVE_ISWALNUM 1
| #define HAVE_ISWBLANK 1
| #define HAVE_ISWPUNCT 1
| #define HAVE_ISWSPACE 1
| #define HAVE_NL_LANGINFO 1
| #define HAVE_MBLEN 1
| #define HAVE_MBSTOWCS 1
| #define HAVE_MBTOWC 1
| #define HAVE_WCTOMB 1
| #define HAVE_WCWIDTH 1
| /* end confdefs.h.  */
| #include <sys/types.h>
| #include <signal.h>
| 
| int
| main ()
| {
| return *(signal (0, 0)) (0) == 1;
|   ;
|   return 0;
| }
configure:7827: result: void
configure:7837: checking for vprintf
configure:7837: /home/mdrjr/bin/arm-2012.09/bin/arm-none-linux-gnueabi-gcc -o conftest  -I/home/mdrjr/dev/odroid/pl/ncurses-5.9/include  -static -L/home/mdrjr/dev/odroid/pl/ncurses-5.9/lib conftest.c  >&5
conftest.c:88:6: warning: conflicting types for built-in function 'vprintf' [enabled by default]
configure:7837: $? = 0
configure:7837: result: yes
configure:7843: checking for _doprnt
configure:7843: /home/mdrjr/bin/arm-2012.09/bin/arm-none-linux-gnueabi-gcc -o conftest  -I/home/mdrjr/dev/odroid/pl/ncurses-5.9/include  -static -L/home/mdrjr/dev/odroid/pl/ncurses-5.9/lib conftest.c  >&5
/tmp/ccOXWBBn.o: In function `main':
conftest.c:(.text+0x8): undefined reference to `_doprnt'
collect2: error: ld returned 1 exit status
configure:7843: $? = 1
configure: failed program was:
| /* confdefs.h */
| #define PACKAGE_NAME "GNU nano"
| #define PACKAGE_TARNAME "nano"
| #define PACKAGE_VERSION "2.2.6"
| #define PACKAGE_STRING "GNU nano 2.2.6"
| #define PACKAGE_BUGREPORT "nano-devel@gnu.org"
| #define PACKAGE_URL "http://www.gnu.org/software/nano/"
| #define PACKAGE "nano"
| #define VERSION "2.2.6"
| #define STDC_HEADERS 1
| #define HAVE_SYS_TYPES_H 1
| #define HAVE_SYS_STAT_H 1
| #define HAVE_STDLIB_H 1
| #define HAVE_STRING_H 1
| #define HAVE_MEMORY_H 1
| #define HAVE_STRINGS_H 1
| #define HAVE_INTTYPES_H 1
| #define HAVE_STDINT_H 1
| #define HAVE_UNISTD_H 1
| #define __EXTENSIONS__ 1
| #define _ALL_SOURCE 1
| #define _GNU_SOURCE 1
| #define _POSIX_PTHREAD_SEMANTICS 1
| #define _TANDEM_SOURCE 1
| #define _FILE_OFFSET_BITS 64
| #define ENABLE_NLS 1
| #define HAVE_GETTEXT 1
| #define HAVE_DCGETTEXT 1
| #define PKGDATADIR "/home/mdrjr/dev/odroid/pl/DEST/share/nano"
| #define STDC_HEADERS 1
| #define HAVE_GETOPT_H 1
| #define HAVE_LIBINTL_H 1
| #define HAVE_LIMITS_H 1
| #define HAVE_REGEX_H 1
| #define HAVE_SYS_PARAM_H 1
| #define HAVE_WCHAR_H 1
| #define HAVE_WCTYPE_H 1
| #define HAVE_STDARG_H 1
| #define NDEBUG 1
| #define NANO_EXTRA 1
| #define ENABLE_NANORC 1
| #define ENABLE_COLOR 1
| #define ENABLE_MULTIBUFFER 1
| #define ENABLE_NANORC 1
| #define HAVE_GETDELIM 1
| #define HAVE_GETLINE 1
| #define HAVE_ISBLANK 1
| #define HAVE_STRCASECMP 1
| #define HAVE_STRCASESTR 1
| #define HAVE_STRNCASECMP 1
| #define HAVE_STRNLEN 1
| #define HAVE_VSNPRINTF 1
| #define HAVE_ISWALNUM 1
| #define HAVE_ISWBLANK 1
| #define HAVE_ISWPUNCT 1
| #define HAVE_ISWSPACE 1
| #define HAVE_NL_LANGINFO 1
| #define HAVE_MBLEN 1
| #define HAVE_MBSTOWCS 1
| #define HAVE_MBTOWC 1
| #define HAVE_WCTOMB 1
| #define HAVE_WCWIDTH 1
| #define RETSIGTYPE void
| #define HAVE_VPRINTF 1
| /* end confdefs.h.  */
| /* Define _doprnt to an innocuous variant, in case <limits.h> declares _doprnt.
|    For example, HP-UX 11i <limits.h> declares gettimeofday.  */
| #define _doprnt innocuous__doprnt
| 
| /* System header to define __stub macros and hopefully few prototypes,
|     which can conflict with char _doprnt (); below.
|     Prefer <limits.h> to <assert.h> if __STDC__ is defined, since
|     <limits.h> exists even on freestanding compilers.  */
| 
| #ifdef __STDC__
| # include <limits.h>
| #else
| # include <assert.h>
| #endif
| 
| #undef _doprnt
| 
| /* Override any GCC internal prototype to avoid an error.
|    Use char because int might match the return type of a GCC
|    builtin and then its argument prototype would still apply.  */
| #ifdef __cplusplus
| extern "C"
| #endif
| char _doprnt ();
| /* The GNU C library defines this for functions which it implements
|     to always fail with ENOSYS.  Some functions are actually named
|     something starting with __ and the normal name is an alias.  */
| #if defined __stub__doprnt || defined __stub____doprnt
| choke me
| #endif
| 
| int
| main ()
| {
| return _doprnt ();
|   ;
|   return 0;
| }
configure:7843: result: no
configure:7856: checking for getopt_long
configure:7856: /home/mdrjr/bin/arm-2012.09/bin/arm-none-linux-gnueabi-gcc -o conftest  -I/home/mdrjr/dev/odroid/pl/ncurses-5.9/include  -static -L/home/mdrjr/dev/odroid/pl/ncurses-5.9/lib conftest.c  >&5
configure:7856: $? = 0
configure:7856: result: yes
configure:7869: checking ncurses.h usability
configure:7869: /home/mdrjr/bin/arm-2012.09/bin/arm-none-linux-gnueabi-gcc -c  -I/home/mdrjr/dev/odroid/pl/ncurses-5.9/include  conftest.c >&5
conftest.c:100:21: fatal error: ncurses.h: No such file or directory
compilation terminated.
configure:7869: $? = 1
configure: failed program was:
| /* confdefs.h */
| #define PACKAGE_NAME "GNU nano"
| #define PACKAGE_TARNAME "nano"
| #define PACKAGE_VERSION "2.2.6"
| #define PACKAGE_STRING "GNU nano 2.2.6"
| #define PACKAGE_BUGREPORT "nano-devel@gnu.org"
| #define PACKAGE_URL "http://www.gnu.org/software/nano/"
| #define PACKAGE "nano"
| #define VERSION "2.2.6"
| #define STDC_HEADERS 1
| #define HAVE_SYS_TYPES_H 1
| #define HAVE_SYS_STAT_H 1
| #define HAVE_STDLIB_H 1
| #define HAVE_STRING_H 1
| #define HAVE_MEMORY_H 1
| #define HAVE_STRINGS_H 1
| #define HAVE_INTTYPES_H 1
| #define HAVE_STDINT_H 1
| #define HAVE_UNISTD_H 1
| #define __EXTENSIONS__ 1
| #define _ALL_SOURCE 1
| #define _GNU_SOURCE 1
| #define _POSIX_PTHREAD_SEMANTICS 1
| #define _TANDEM_SOURCE 1
| #define _FILE_OFFSET_BITS 64
| #define ENABLE_NLS 1
| #define HAVE_GETTEXT 1
| #define HAVE_DCGETTEXT 1
| #define PKGDATADIR "/home/mdrjr/dev/odroid/pl/DEST/share/nano"
| #define STDC_HEADERS 1
| #define HAVE_GETOPT_H 1
| #define HAVE_LIBINTL_H 1
| #define HAVE_LIMITS_H 1
| #define HAVE_REGEX_H 1
| #define HAVE_SYS_PARAM_H 1
| #define HAVE_WCHAR_H 1
| #define HAVE_WCTYPE_H 1
| #define HAVE_STDARG_H 1
| #define NDEBUG 1
| #define NANO_EXTRA 1
| #define ENABLE_NANORC 1
| #define ENABLE_COLOR 1
| #define ENABLE_MULTIBUFFER 1
| #define ENABLE_NANORC 1
| #define HAVE_GETDELIM 1
| #define HAVE_GETLINE 1
| #define HAVE_ISBLANK 1
| #define HAVE_STRCASECMP 1
| #define HAVE_STRCASESTR 1
| #define HAVE_STRNCASECMP 1
| #define HAVE_STRNLEN 1
| #define HAVE_VSNPRINTF 1
| #define HAVE_ISWALNUM 1
| #define HAVE_ISWBLANK 1
| #define HAVE_ISWPUNCT 1
| #define HAVE_ISWSPACE 1
| #define HAVE_NL_LANGINFO 1
| #define HAVE_MBLEN 1
| #define HAVE_MBSTOWCS 1
| #define HAVE_MBTOWC 1
| #define HAVE_WCTOMB 1
| #define HAVE_WCWIDTH 1
| #define RETSIGTYPE void
| #define HAVE_VPRINTF 1
| #define HAVE_GETOPT_LONG 1
| /* end confdefs.h.  */
| #include <stdio.h>
| #ifdef HAVE_SYS_TYPES_H
| # include <sys/types.h>
| #endif
| #ifdef HAVE_SYS_STAT_H
| # include <sys/stat.h>
| #endif
| #ifdef STDC_HEADERS
| # include <stdlib.h>
| # include <stddef.h>
| #else
| # ifdef HAVE_STDLIB_H
| #  include <stdlib.h>
| # endif
| #endif
| #ifdef HAVE_STRING_H
| # if !defined STDC_HEADERS && defined HAVE_MEMORY_H
| #  include <memory.h>
| # endif
| # include <string.h>
| #endif
| #ifdef HAVE_STRINGS_H
| # include <strings.h>
| #endif
| #ifdef HAVE_INTTYPES_H
| # include <inttypes.h>
| #endif
| #ifdef HAVE_STDINT_H
| # include <stdint.h>
| #endif
| #ifdef HAVE_UNISTD_H
| # include <unistd.h>
| #endif
| #include <ncurses.h>
configure:7869: result: no
configure:7869: checking ncurses.h presence
configure:7869: /home/mdrjr/bin/arm-2012.09/bin/arm-none-linux-gnueabi-gcc -E  conftest.c
conftest.c:67:21: fatal error: ncurses.h: No such file or directory
compilation terminated.
configure:7869: $? = 1
configure: failed program was:
| /* confdefs.h */
| #define PACKAGE_NAME "GNU nano"
| #define PACKAGE_TARNAME "nano"
| #define PACKAGE_VERSION "2.2.6"
| #define PACKAGE_STRING "GNU nano 2.2.6"
| #define PACKAGE_BUGREPORT "nano-devel@gnu.org"
| #define PACKAGE_URL "http://www.gnu.org/software/nano/"
| #define PACKAGE "nano"
| #define VERSION "2.2.6"
| #define STDC_HEADERS 1
| #define HAVE_SYS_TYPES_H 1
| #define HAVE_SYS_STAT_H 1
| #define HAVE_STDLIB_H 1
| #define HAVE_STRING_H 1
| #define HAVE_MEMORY_H 1
| #define HAVE_STRINGS_H 1
| #define HAVE_INTTYPES_H 1
| #define HAVE_STDINT_H 1
| #define HAVE_UNISTD_H 1
| #define __EXTENSIONS__ 1
| #define _ALL_SOURCE 1
| #define _GNU_SOURCE 1
| #define _POSIX_PTHREAD_SEMANTICS 1
| #define _TANDEM_SOURCE 1
| #define _FILE_OFFSET_BITS 64
| #define ENABLE_NLS 1
| #define HAVE_GETTEXT 1
| #define HAVE_DCGETTEXT 1
| #define PKGDATADIR "/home/mdrjr/dev/odroid/pl/DEST/share/nano"
| #define STDC_HEADERS 1
| #define HAVE_GETOPT_H 1
| #define HAVE_LIBINTL_H 1
| #define HAVE_LIMITS_H 1
| #define HAVE_REGEX_H 1
| #define HAVE_SYS_PARAM_H 1
| #define HAVE_WCHAR_H 1
| #define HAVE_WCTYPE_H 1
| #define HAVE_STDARG_H 1
| #define NDEBUG 1
| #define NANO_EXTRA 1
| #define ENABLE_NANORC 1
| #define ENABLE_COLOR 1
| #define ENABLE_MULTIBUFFER 1
| #define ENABLE_NANORC 1
| #define HAVE_GETDELIM 1
| #define HAVE_GETLINE 1
| #define HAVE_ISBLANK 1
| #define HAVE_STRCASECMP 1
| #define HAVE_STRCASESTR 1
| #define HAVE_STRNCASECMP 1
| #define HAVE_STRNLEN 1
| #define HAVE_VSNPRINTF 1
| #define HAVE_ISWALNUM 1
| #define HAVE_ISWBLANK 1
| #define HAVE_ISWPUNCT 1
| #define HAVE_ISWSPACE 1
| #define HAVE_NL_LANGINFO 1
| #define HAVE_MBLEN 1
| #define HAVE_MBSTOWCS 1
| #define HAVE_MBTOWC 1
| #define HAVE_WCTOMB 1
| #define HAVE_WCWIDTH 1
| #define RETSIGTYPE void
| #define HAVE_VPRINTF 1
| #define HAVE_GETOPT_LONG 1
| /* end confdefs.h.  */
| #include <ncurses.h>
configure:7869: result: no
configure:7869: checking for ncurses.h
configure:7869: result: no
configure:7881: checking for get_wch in -lncursesw
configure:7906: /home/mdrjr/bin/arm-2012.09/bin/arm-none-linux-gnueabi-gcc -o conftest  -I/home/mdrjr/dev/odroid/pl/ncurses-5.9/include  -static -L/home/mdrjr/dev/odroid/pl/ncurses-5.9/lib conftest.c -lncursesw   >&5
configure:7906: $? = 0
configure:7915: result: yes
configure:8078: result: Using ncursesw as the curses library
configure:8083: checking for use_default_colors in -lncursesw
configure:8108: /home/mdrjr/bin/arm-2012.09/bin/arm-none-linux-gnueabi-gcc -o conftest  -I/home/mdrjr/dev/odroid/pl/ncurses-5.9/include -I/usr/include/ncursesw  -static -L/home/mdrjr/dev/odroid/pl/ncurses-5.9/lib conftest.c -lncursesw   >&5
configure:8108: $? = 0
configure:8118: result: yes
configure:8180: checking for GNU-style word boundary regex support
configure:8183: WARNING: *** Can't check for GNU-style word boundary support when cross-compiling
configure:8222: checking whether _XOPEN_SOURCE_EXTENDED is needed
configure:8225: WARNING: *** Can't check need for _XOPEN_SOURCE_EXTENDED when cross-compiling
configure:8287: checking whether LINES and COLS can be redefined
configure:8290: WARNING: *** Can't check for macro redefinability when cross-compiling
configure:8321: checking for HTML support in groff
configure:8484: creating ./config.status

## ---------------------- ##
## Running config.status. ##
## ---------------------- ##

This file was extended by GNU nano config.status 2.2.6, which was
generated by GNU Autoconf 2.65.  Invocation command line was

  CONFIG_FILES    = 
  CONFIG_HEADERS  = 
  CONFIG_LINKS    = 
  CONFIG_COMMANDS = 
  $ ./config.status 

on Mauro-Note

config.status:959: creating Makefile
config.status:959: creating doc/Makefile
config.status:959: creating doc/nanorc.sample
config.status:959: creating doc/man/Makefile
config.status:959: creating doc/man/fr/Makefile
config.status:959: creating doc/syntax/Makefile
config.status:959: creating doc/texinfo/Makefile
config.status:959: creating m4/Makefile
config.status:959: creating po/Makefile.in
config.status:1067: WARNING:  'po/Makefile.in.in' seems to ignore the --datarootdir setting
config.status:959: creating src/Makefile
config.status:959: creating nano.spec
config.status:959: creating config.h
config.status:1179: executing depfiles commands
config.status:1179: executing default-1 commands

## ---------------- ##
## Cache variables. ##
## ---------------- ##

ac_cv_build=x86_64-unknown-linux-gnu
ac_cv_c_compiler_gnu=yes
ac_cv_env_CC_set=set
ac_cv_env_CC_value=/home/mdrjr/bin/arm-2012.09/bin/arm-none-linux-gnueabi-gcc
ac_cv_env_CFLAGS_set=set
ac_cv_env_CFLAGS_value=' -I/home/mdrjr/dev/odroid/pl/ncurses-5.9/include'
ac_cv_env_CPPFLAGS_set=
ac_cv_env_CPPFLAGS_value=
ac_cv_env_CPP_set=
ac_cv_env_CPP_value=
ac_cv_env_LDFLAGS_set=set
ac_cv_env_LDFLAGS_value='-static -L/home/mdrjr/dev/odroid/pl/ncurses-5.9/lib'
ac_cv_env_LIBS_set=
ac_cv_env_LIBS_value=
ac_cv_env_build_alias_set=
ac_cv_env_build_alias_value=
ac_cv_env_host_alias_set=set
ac_cv_env_host_alias_value=arm-none-linux-gnueabi
ac_cv_env_target_alias_set=
ac_cv_env_target_alias_value=
ac_cv_func__doprnt=no
ac_cv_func_getdelim=yes
ac_cv_func_getline=yes
ac_cv_func_getopt_long=yes
ac_cv_func_isblank=yes
ac_cv_func_iswalnum=yes
ac_cv_func_iswblank=yes
ac_cv_func_iswpunct=yes
ac_cv_func_iswspace=yes
ac_cv_func_mblen=yes
ac_cv_func_mbstowcs=yes
ac_cv_func_mbtowc=yes
ac_cv_func_nl_langinfo=yes
ac_cv_func_strcasecmp=yes
ac_cv_func_strcasestr=yes
ac_cv_func_strncasecmp=yes
ac_cv_func_strnlen=yes
ac_cv_func_vprintf=yes
ac_cv_func_vsnprintf=yes
ac_cv_func_wctomb=yes
ac_cv_func_wcwidth=yes
ac_cv_header_getopt_h=yes
ac_cv_header_inttypes_h=yes
ac_cv_header_libintl_h=yes
ac_cv_header_limits_h=yes
ac_cv_header_memory_h=yes
ac_cv_header_minix_config_h=no
ac_cv_header_ncurses_h=no
ac_cv_header_regex_h=yes
ac_cv_header_stdarg_h=yes
ac_cv_header_stdc=yes
ac_cv_header_stdint_h=yes
ac_cv_header_stdlib_h=yes
ac_cv_header_string_h=yes
ac_cv_header_strings_h=yes
ac_cv_header_sys_param_h=yes
ac_cv_header_sys_stat_h=yes
ac_cv_header_sys_types_h=yes
ac_cv_header_unistd_h=yes
ac_cv_header_wchar_h=yes
ac_cv_header_wctype_h=yes
ac_cv_host=arm-none-linux-gnueabi
ac_cv_lib_cposix_strerror=no
ac_cv_lib_ncursesw___use_default_colors=yes
ac_cv_lib_ncursesw_get_wch=yes
ac_cv_objext=o
ac_cv_path_EGREP='/bin/grep -E'
ac_cv_path_GMSGFMT=/usr/bin/msgfmt
ac_cv_path_GREP=/bin/grep
ac_cv_path_MSGFMT=/usr/bin/msgfmt
ac_cv_path_MSGMERGE=/usr/bin/msgmerge
ac_cv_path_XGETTEXT=/usr/bin/xgettext
ac_cv_path_install='/usr/bin/install -c'
ac_cv_path_mkdir=/bin/mkdir
ac_cv_prog_AWK=gawk
ac_cv_prog_CC=/home/mdrjr/bin/arm-2012.09/bin/arm-none-linux-gnueabi-gcc
ac_cv_prog_CPP='/home/mdrjr/bin/arm-2012.09/bin/arm-none-linux-gnueabi-gcc -E'
ac_cv_prog_STRIP=/home/mdrjr/bin/arm-2012.09/bin/arm-none-linux-gnueabi-strip
ac_cv_prog_cc_c89=
ac_cv_prog_cc_g=yes
ac_cv_prog_make_make_set=yes
ac_cv_safe_to_define___extensions__=yes
ac_cv_sys_file_offset_bits=64
ac_cv_sys_largefile_CC=no
ac_cv_target=arm-none-linux-gnueabi
ac_cv_type_signal=void
acl_cv_hardcode_direct=no
acl_cv_hardcode_libdir_flag_spec='${wl}-rpath ${wl}$libdir'
acl_cv_hardcode_libdir_separator=
acl_cv_hardcode_minus_L=no
acl_cv_libext=a
acl_cv_path_LD=/home/mdrjr/bin/arm-2012.09/arm-none-linux-gnueabi/bin/ld
acl_cv_prog_gnu_ld=yes
acl_cv_rpath=done
acl_cv_shlibext=so
acl_cv_sys_lib_dlsearch_path_spec='/lib /usr/lib'
acl_cv_sys_lib_search_path_spec='/lib /usr/lib /usr/local/lib'
acl_cv_wl=-Wl,
am_cv_CC_dependencies_compiler_type=gcc3
gt_cv_func_gnugettext2_libc=yes

## ----------------- ##
## Output variables. ##
## ----------------- ##

ACLOCAL='${SHELL} /home/mdrjr/dev/odroid/pl/nano-2.2.6/missing --run aclocal-1.11'
AMDEPBACKSLASH='\'
AMDEP_FALSE='#'
AMDEP_TRUE=''
AMTAR='${SHELL} /home/mdrjr/dev/odroid/pl/nano-2.2.6/missing --run tar'
AUTOCONF='${SHELL} /home/mdrjr/dev/odroid/pl/nano-2.2.6/missing --run autoconf'
AUTOHEADER='${SHELL} /home/mdrjr/dev/odroid/pl/nano-2.2.6/missing --run autoheader'
AUTOMAKE='${SHELL} /home/mdrjr/dev/odroid/pl/nano-2.2.6/missing --run automake-1.11'
AWK='gawk'
CC='/home/mdrjr/bin/arm-2012.09/bin/arm-none-linux-gnueabi-gcc'
CCDEPMODE='depmode=gcc3'
CFLAGS=' -I/home/mdrjr/dev/odroid/pl/ncurses-5.9/include'
CPP='/home/mdrjr/bin/arm-2012.09/bin/arm-none-linux-gnueabi-gcc -E'
CPPFLAGS='-I/usr/include/ncursesw '
CURSES_LIB='-lncursesw'
CYGPATH_W='echo'
DEFS='-DHAVE_CONFIG_H'
DEPDIR='.deps'
ECHO_C=''
ECHO_N='-n'
ECHO_T=''
EGREP='/bin/grep -E'
EXEEXT=''
GLIB_CFLAGS=''
GLIB_GENMARSHAL=''
GLIB_LIBS=''
GLIB_MKENUMS=''
GMSGFMT='/usr/bin/msgfmt'
GOBJECT_QUERY=''
GREP='/bin/grep'
GROFF_HTML_FALSE='#'
GROFF_HTML_TRUE=''
INSTALL_DATA='${INSTALL} -m 644'
INSTALL_PROGRAM='${INSTALL}'
INSTALL_SCRIPT='${INSTALL}'
INSTALL_STRIP_PROGRAM='$(install_sh) -c -s'
INTLLIBS=''
LDFLAGS='-static -L/home/mdrjr/dev/odroid/pl/ncurses-5.9/lib'
LIBICONV='-liconv'
LIBINTL=''
LIBOBJS=''
LIBS=' -lncursesw'
LN_S='ln -s'
LTLIBICONV='-liconv'
LTLIBINTL=''
LTLIBOBJS=''
MAKEINFO='${SHELL} /home/mdrjr/dev/odroid/pl/nano-2.2.6/missing --run makeinfo'
MKDIR_P='/bin/mkdir -p'
MKINSTALLDIRS='./mkinstalldirs'
MSGFMT='/usr/bin/msgfmt'
MSGMERGE='/usr/bin/msgmerge'
OBJEXT='o'
PACKAGE='nano'
PACKAGE_BUGREPORT='nano-devel@gnu.org'
PACKAGE_NAME='GNU nano'
PACKAGE_STRING='GNU nano 2.2.6'
PACKAGE_TARNAME='nano'
PACKAGE_URL='http://www.gnu.org/software/nano/'
PACKAGE_VERSION='2.2.6'
PATH_SEPARATOR=':'
PKGDATADIR='/home/mdrjr/dev/odroid/pl/DEST/share/nano'
PKG_CONFIG=''
POSUB='po'
SET_MAKE=''
SHELL='/bin/bash'
STRIP='/home/mdrjr/bin/arm-2012.09/bin/arm-none-linux-gnueabi-strip'
USE_COLOR_FALSE='#'
USE_COLOR_TRUE=''
USE_NANORC_FALSE='#'
USE_NANORC_TRUE=''
USE_NLS='yes'
USE_NLS_FALSE='#'
USE_NLS_TRUE=''
VERSION='2.2.6'
XGETTEXT='/usr/bin/xgettext'
ac_ct_CC=''
am__EXEEXT_FALSE=''
am__EXEEXT_TRUE='#'
am__fastdepCC_FALSE='#'
am__fastdepCC_TRUE=''
am__include='include'
am__isrc=''
am__leading_dot='.'
am__quote=''
am__tar='${AMTAR} chof - "$$tardir"'
am__untar='${AMTAR} xf -'
bindir='${exec_prefix}/bin'
build='x86_64-unknown-linux-gnu'
build_alias=''
build_cpu='x86_64'
build_os='linux-gnu'
build_vendor='unknown'
datadir='${datarootdir}'
datarootdir='${prefix}/share'
docdir='${datarootdir}/doc/${PACKAGE_TARNAME}'
dvidir='${docdir}'
exec_prefix='${prefix}'
host='arm-none-linux-gnueabi'
host_alias='arm-none-linux-gnueabi'
host_cpu='arm'
host_os='linux-gnueabi'
host_vendor='none'
htmldir='${docdir}'
includedir='${prefix}/include'
infodir='${datarootdir}/info'
install_sh='${SHELL} /home/mdrjr/dev/odroid/pl/nano-2.2.6/install-sh'
libdir='${exec_prefix}/lib'
libexecdir='${exec_prefix}/libexec'
localedir='${datarootdir}/locale'
localstatedir='${prefix}/var'
mandir='${datarootdir}/man'
mkdir_p='/bin/mkdir -p'
oldincludedir='/usr/include'
pdfdir='${docdir}'
prefix='/home/mdrjr/dev/odroid/pl/DEST'
program_transform_name='s,x,x,'
psdir='${docdir}'
sbindir='${exec_prefix}/sbin'
sharedstatedir='${prefix}/com'
sysconfdir='${prefix}/etc'
target='arm-none-linux-gnueabi'
target_alias=''
target_cpu='arm'
target_os='linux-gnueabi'
target_vendor='none'

## ----------- ##
## confdefs.h. ##
## ----------- ##

/* confdefs.h */
#define PACKAGE_NAME "GNU nano"
#define PACKAGE_TARNAME "nano"
#define PACKAGE_VERSION "2.2.6"
#define PACKAGE_STRING "GNU nano 2.2.6"
#define PACKAGE_BUGREPORT "nano-devel@gnu.org"
#define PACKAGE_URL "http://www.gnu.org/software/nano/"
#define PACKAGE "nano"
#define VERSION "2.2.6"
#define STDC_HEADERS 1
#define HAVE_SYS_TYPES_H 1
#define HAVE_SYS_STAT_H 1
#define HAVE_STDLIB_H 1
#define HAVE_STRING_H 1
#define HAVE_MEMORY_H 1
#define HAVE_STRINGS_H 1
#define HAVE_INTTYPES_H 1
#define HAVE_STDINT_H 1
#define HAVE_UNISTD_H 1
#define __EXTENSIONS__ 1
#define _ALL_SOURCE 1
#define _GNU_SOURCE 1
#define _POSIX_PTHREAD_SEMANTICS 1
#define _TANDEM_SOURCE 1
#define _FILE_OFFSET_BITS 64
#define ENABLE_NLS 1
#define HAVE_GETTEXT 1
#define HAVE_DCGETTEXT 1
#define PKGDATADIR "/home/mdrjr/dev/odroid/pl/DEST/share/nano"
#define STDC_HEADERS 1
#define HAVE_GETOPT_H 1
#define HAVE_LIBINTL_H 1
#define HAVE_LIMITS_H 1
#define HAVE_REGEX_H 1
#define HAVE_SYS_PARAM_H 1
#define HAVE_WCHAR_H 1
#define HAVE_WCTYPE_H 1
#define HAVE_STDARG_H 1
#define NDEBUG 1
#define NANO_EXTRA 1
#define ENABLE_NANORC 1
#define ENABLE_COLOR 1
#define ENABLE_MULTIBUFFER 1
#define ENABLE_NANORC 1
#define HAVE_GETDELIM 1
#define HAVE_GETLINE 1
#define HAVE_ISBLANK 1
#define HAVE_STRCASECMP 1
#define HAVE_STRCASESTR 1
#define HAVE_STRNCASECMP 1
#define HAVE_STRNLEN 1
#define HAVE_VSNPRINTF 1
#define HAVE_ISWALNUM 1
#define HAVE_ISWBLANK 1
#define HAVE_ISWPUNCT 1
#define HAVE_ISWSPACE 1
#define HAVE_NL_LANGINFO 1
#define HAVE_MBLEN 1
#define HAVE_MBSTOWCS 1
#define HAVE_MBTOWC 1
#define HAVE_WCTOMB 1
#define HAVE_WCWIDTH 1
#define RETSIGTYPE void
#define HAVE_VPRINTF 1
#define HAVE_GETOPT_LONG 1
#define HAVE_USE_DEFAULT_COLORS 1
#define ENABLE_UTF8 1

configure: exit 0
